<?xml version="1.0" encoding="UTF-8"?>
<!-- Generated by org.testng.reporters.JUnitXMLReporter -->
<testsuite ignored="0" hostname="DESKTOP-APCA3AA" failures="1" tests="13" name="Free CRM App Test Cases" time="368.243" errors="0" timestamp="20 May 2021 13:46:34 GMT">
  <testcase classname="com.qa.freecrm.tests.LogPageTest" name="veryLoginTest" time="2.672"/>
  <testcase classname="com.qa.freecrm.tests.LogPageTest" name="veryPageTileTest" time="0.008"/>
  <testcase classname="com.qa.freecrm.tests.HomePageTest" name="veryClickDealsTest" time="1.407"/>
  <testcase classname="com.qa.freecrm.tests.HomePageTest" name="veryClickTasksTest" time="1.371"/>
  <testcase classname="com.qa.freecrm.tests.HomePageTest" name="veryClickcontactsTest" time="1.549"/>
  <testcase classname="com.qa.freecrm.tests.HomePageTest" name="veryLogTest" time="0.85"/>
  <testcase classname="com.qa.freecrm.tests.ContactsPageTest" name="addContactsTest" time="45.835"/>
  <testcase classname="com.qa.freecrm.tests.ContactsPageTest" name="addContactsTest" time="75.17"/>
  <testcase classname="com.qa.freecrm.tests.ContactsPageTest" name="addContactsTest" time="46.296"/>
  <testcase classname="com.qa.freecrm.tests.ContactsPageTest" name="veryContactTitleTest" time="30.077">
    <skipped/>
  </testcase> <!-- veryContactTitleTest -->
  <testcase classname="com.qa.freecrm.tests.ContactsPageTest" name="veryContactTitleTest" time="30.031">
    <skipped/>
  </testcase> <!-- veryContactTitleTest -->
  <testcase classname="com.qa.freecrm.tests.ContactsPageTest" name="veryContactTitleTest" time="30.049">
    <skipped/>
  </testcase> <!-- veryContactTitleTest -->
  <testcase classname="com.qa.freecrm.tests.ContactsPageTest" name="veryContactTitleTest" time="30.052">
    <failure type="org.openqa.selenium.NoSuchElementException" message="no such element: Unable to locate element: {&amp;quot;method&amp;quot;:&amp;quot;xpath&amp;quot;,&amp;quot;selector&amp;quot;:&amp;quot;//div[contains(text(),&amp;apos;Contacts&amp;apos;)]&amp;quot;}
  (Session info: chrome=90.0.4430.212)
For documentation on this error, please visit: https://www.seleniumhq.org/exceptions/no_such_element.html
Build info: version: &amp;apos;3.141.59&amp;apos;, revision: &amp;apos;e82be7d358&amp;apos;, time: &amp;apos;2018-11-14T08:17:03&amp;apos;
System info: host: &amp;apos;DESKTOP-APCA3AA&amp;apos;, ip: &amp;apos;192.168.10.101&amp;apos;, os.name: &amp;apos;Windows 10&amp;apos;, os.arch: &amp;apos;amd64&amp;apos;, os.version: &amp;apos;10.0&amp;apos;, java.version: &amp;apos;15.0.2&amp;apos;
Driver info: org.openqa.selenium.chrome.ChromeDriver
Capabilities {acceptInsecureCerts: false, browserName: chrome, browserVersion: 90.0.4430.212, chrome: {chromedriverVersion: 90.0.4430.24 (4c6d850f087da..., userDataDir: C:\Users\dssri\AppData\Loca...}, goog:chromeOptions: {debuggerAddress: localhost:53895}, javascriptEnabled: true, networkConnectionEnabled: false, pageLoadStrategy: normal, platform: WINDOWS, platformName: WINDOWS, proxy: Proxy(), setWindowRect: true, strictFileInteractability: false, timeouts: {implicit: 0, pageLoad: 300000, script: 30000}, unhandledPromptBehavior: dismiss and notify, webauthn:extension:largeBlob: true, webauthn:virtualAuthenticators: true}
Session ID: 482495169b2ded91d3504e82e6fd9e08
*** Element info: {Using=xpath, value=//div[contains(text(),&amp;apos;Contacts&amp;apos;)]}">
      <![CDATA[org.openqa.selenium.NoSuchElementException: no such element: Unable to locate element: {"method":"xpath","selector":"//div[contains(text(),'Contacts')]"}
  (Session info: chrome=90.0.4430.212)
For documentation on this error, please visit: https://www.seleniumhq.org/exceptions/no_such_element.html
Build info: version: '3.141.59', revision: 'e82be7d358', time: '2018-11-14T08:17:03'
System info: host: 'DESKTOP-APCA3AA', ip: '192.168.10.101', os.name: 'Windows 10', os.arch: 'amd64', os.version: '10.0', java.version: '15.0.2'
Driver info: org.openqa.selenium.chrome.ChromeDriver
Capabilities {acceptInsecureCerts: false, browserName: chrome, browserVersion: 90.0.4430.212, chrome: {chromedriverVersion: 90.0.4430.24 (4c6d850f087da..., userDataDir: C:\Users\dssri\AppData\Loca...}, goog:chromeOptions: {debuggerAddress: localhost:53895}, javascriptEnabled: true, networkConnectionEnabled: false, pageLoadStrategy: normal, platform: WINDOWS, platformName: WINDOWS, proxy: Proxy(), setWindowRect: true, strictFileInteractability: false, timeouts: {implicit: 0, pageLoad: 300000, script: 30000}, unhandledPromptBehavior: dismiss and notify, webauthn:extension:largeBlob: true, webauthn:virtualAuthenticators: true}
Session ID: 482495169b2ded91d3504e82e6fd9e08
*** Element info: {Using=xpath, value=//div[contains(text(),'Contacts')]}
at org.openqa.selenium.remote.http.W3CHttpResponseCodec.createException(W3CHttpResponseCodec.java:187)
at org.openqa.selenium.remote.http.W3CHttpResponseCodec.decode(W3CHttpResponseCodec.java:122)
at org.openqa.selenium.remote.http.W3CHttpResponseCodec.decode(W3CHttpResponseCodec.java:49)
at org.openqa.selenium.remote.HttpCommandExecutor.execute(HttpCommandExecutor.java:158)
at org.openqa.selenium.remote.service.DriverCommandExecutor.execute(DriverCommandExecutor.java:83)
at org.openqa.selenium.remote.RemoteWebDriver.execute(RemoteWebDriver.java:552)
at org.openqa.selenium.remote.RemoteWebDriver.findElement(RemoteWebDriver.java:323)
at org.openqa.selenium.remote.RemoteWebDriver.findElementByXPath(RemoteWebDriver.java:428)
at org.openqa.selenium.By$ByXPath.findElement(By.java:353)
at org.openqa.selenium.remote.RemoteWebDriver.findElement(RemoteWebDriver.java:315)
at org.openqa.selenium.support.pagefactory.DefaultElementLocator.findElement(DefaultElementLocator.java:69)
at org.openqa.selenium.support.pagefactory.internal.LocatingElementHandler.invoke(LocatingElementHandler.java:38)
at com.sun.proxy.$Proxy13.isDisplayed(Unknown Source)
at com.qa.freecrm.pages.ContactsPage.veryContactTitle(ContactsPage.java:64)
at com.qa.freecrm.tests.ContactsPageTest.veryContactTitleTest(ContactsPageTest.java:37)
... Removed 30 stack frames]]>
    </failure>
  </testcase> <!-- veryContactTitleTest -->
</testsuite> <!-- Free CRM App Test Cases -->
