<?xml version="1.0" encoding="UTF-8"?>
<!-- Generated by org.testng.reporters.JUnitXMLReporter -->
<testsuite hostname="DESKTOP-APCA3AA" ignored="0" name="Surefire test" tests="9" failures="0" timestamp="20 May 2021 11:44:19 GMT" time="187.428" errors="0">
  <testcase name="veryClickDealsTest" time="1.123" classname="com.qa.freecrm.tests.HomePageTest"/>
  <testcase name="veryClickTasksTest" time="1.054" classname="com.qa.freecrm.tests.HomePageTest"/>
  <testcase name="veryClickcontactsTest" time="1.211" classname="com.qa.freecrm.tests.HomePageTest"/>
  <testcase name="veryLogTest" time="1.508" classname="com.qa.freecrm.tests.HomePageTest"/>
  <testcase name="veryLoginTest" time="1.317" classname="com.qa.freecrm.tests.LogPageTest"/>
  <testcase name="veryPageTileTest" time="0.045" classname="com.qa.freecrm.tests.LogPageTest"/>
  <testcase name="addContactsTest" time="45.788" classname="com.qa.freecrm.tests.ContactsPageTest"/>
  <testcase name="addContactsTest" time="45.996" classname="com.qa.freecrm.tests.ContactsPageTest"/>
  <testcase name="addContactsTest" time="45.626" classname="com.qa.freecrm.tests.ContactsPageTest"/>
</testsuite> <!-- Surefire test -->
