<?xml version="1.0" encoding="UTF-8"?>
<!-- Generated by org.testng.reporters.JUnitXMLReporter -->
<testsuite ignored="0" hostname="DESKTOP-APCA3AA" failures="0" tests="4" name="Default test" time="36.397" errors="0" timestamp="20 May 2021 10:40:29 GMT">
  <testcase classname="com.qa.freecrm.tests.HomePageTest" name="veryClickDealsTest" time="2.669"/>
  <testcase classname="com.qa.freecrm.tests.HomePageTest" name="veryClickTasksTest" time="1.798"/>
  <testcase classname="com.qa.freecrm.tests.HomePageTest" name="veryClickcontactsTest" time="1.827"/>
  <testcase classname="com.qa.freecrm.tests.HomePageTest" name="veryLogTest" time="1.455"/>
</testsuite> <!-- Default test -->
