<?xml version="1.0" encoding="UTF-8"?>
<testng-results skipped="0" failed="0" ignored="0" total="9" passed="9">
  <reporter-output>
  </reporter-output>
  <suite name="Surefire suite" duration-ms="187428" started-at="2021-05-20T11:41:11Z" finished-at="2021-05-20T11:44:18Z">
    <groups>
    </groups>
    <test name="Surefire test" duration-ms="187428" started-at="2021-05-20T11:41:11Z" finished-at="2021-05-20T11:44:18Z">
      <class name="com.qa.freecrm.tests.ContactsPageTest">
        <test-method status="PASS" signature="setup()[pri:0, instance:com.qa.freecrm.tests.ContactsPageTest@573f2bb1]" name="setup" is-config="true" duration-ms="5947" started-at="2021-05-20T11:41:42Z" finished-at="2021-05-20T11:41:48Z">
          <reporter-output>
          </reporter-output>
        </test-method> <!-- setup -->
        <test-method status="PASS" signature="addContactsTest(java.lang.String, java.lang.String, java.lang.String, java.lang.String, java.lang.String, java.lang.String, java.lang.String, java.lang.String, java.lang.String, java.lang.String)[pri:1, instance:com.qa.freecrm.tests.ContactsPageTest@573f2bb1]" name="addContactsTest" duration-ms="45788" started-at="2021-05-20T11:41:48Z" data-provider="contactTestData" finished-at="2021-05-20T11:42:34Z">
          <params>
            <param index="0">
              <value>
                <![CDATA[Ravi]]>
              </value>
            </param>
            <param index="1">
              <value>
                <![CDATA[kumar]]>
              </value>
            </param>
            <param index="2">
              <value>
                <![CDATA[asdas]]>
              </value>
            </param>
            <param index="3">
              <value>
                <![CDATA[TATA]]>
              </value>
            </param>
            <param index="4">
              <value>
                <![CDATA[ravi@gmail.com]]>
              </value>
            </param>
            <param index="5">
              <value>
                <![CDATA[1.5135631E7]]>
              </value>
            </param>
            <param index="6">
              <value>
                <![CDATA[West Street]]>
              </value>
            </param>
            <param index="7">
              <value>
                <![CDATA[New York]]>
              </value>
            </param>
            <param index="8">
              <value>
                <![CDATA[New York]]>
              </value>
            </param>
            <param index="9">
              <value>
                <![CDATA[10001.0]]>
              </value>
            </param>
          </params>
          <reporter-output>
          </reporter-output>
        </test-method> <!-- addContactsTest -->
        <test-method status="PASS" signature="treardown()[pri:0, instance:com.qa.freecrm.tests.ContactsPageTest@573f2bb1]" name="treardown" is-config="true" duration-ms="872" started-at="2021-05-20T11:42:34Z" finished-at="2021-05-20T11:42:34Z">
          <reporter-output>
          </reporter-output>
        </test-method> <!-- treardown -->
        <test-method status="PASS" signature="setup()[pri:0, instance:com.qa.freecrm.tests.ContactsPageTest@573f2bb1]" name="setup" is-config="true" duration-ms="6965" started-at="2021-05-20T11:42:34Z" finished-at="2021-05-20T11:42:41Z">
          <reporter-output>
          </reporter-output>
        </test-method> <!-- setup -->
        <test-method status="PASS" signature="addContactsTest(java.lang.String, java.lang.String, java.lang.String, java.lang.String, java.lang.String, java.lang.String, java.lang.String, java.lang.String, java.lang.String, java.lang.String)[pri:1, instance:com.qa.freecrm.tests.ContactsPageTest@573f2bb1]" name="addContactsTest" duration-ms="45996" started-at="2021-05-20T11:42:41Z" data-provider="contactTestData" finished-at="2021-05-20T11:43:27Z">
          <params>
            <param index="0">
              <value>
                <![CDATA[raju]]>
              </value>
            </param>
            <param index="1">
              <value>
                <![CDATA[reddy]]>
              </value>
            </param>
            <param index="2">
              <value>
                <![CDATA[asdas]]>
              </value>
            </param>
            <param index="3">
              <value>
                <![CDATA[LG]]>
              </value>
            </param>
            <param index="4">
              <value>
                <![CDATA[raju@gmail.com]]>
              </value>
            </param>
            <param index="5">
              <value>
                <![CDATA[3.4318531E7]]>
              </value>
            </param>
            <param index="6">
              <value>
                <![CDATA[East Street]]>
              </value>
            </param>
            <param index="7">
              <value>
                <![CDATA[Los Angeles]]>
              </value>
            </param>
            <param index="8">
              <value>
                <![CDATA[California]]>
              </value>
            </param>
            <param index="9">
              <value>
                <![CDATA[90001.0]]>
              </value>
            </param>
          </params>
          <reporter-output>
          </reporter-output>
        </test-method> <!-- addContactsTest -->
        <test-method status="PASS" signature="treardown()[pri:0, instance:com.qa.freecrm.tests.ContactsPageTest@573f2bb1]" name="treardown" is-config="true" duration-ms="644" started-at="2021-05-20T11:43:27Z" finished-at="2021-05-20T11:43:28Z">
          <reporter-output>
          </reporter-output>
        </test-method> <!-- treardown -->
        <test-method status="PASS" signature="setup()[pri:0, instance:com.qa.freecrm.tests.ContactsPageTest@573f2bb1]" name="setup" is-config="true" duration-ms="4196" started-at="2021-05-20T11:43:28Z" finished-at="2021-05-20T11:43:32Z">
          <reporter-output>
          </reporter-output>
        </test-method> <!-- setup -->
        <test-method status="PASS" signature="addContactsTest(java.lang.String, java.lang.String, java.lang.String, java.lang.String, java.lang.String, java.lang.String, java.lang.String, java.lang.String, java.lang.String, java.lang.String)[pri:1, instance:com.qa.freecrm.tests.ContactsPageTest@573f2bb1]" name="addContactsTest" duration-ms="45626" started-at="2021-05-20T11:43:32Z" data-provider="contactTestData" finished-at="2021-05-20T11:44:18Z">
          <params>
            <param index="0">
              <value>
                <![CDATA[ramu]]>
              </value>
            </param>
            <param index="1">
              <value>
                <![CDATA[kumar]]>
              </value>
            </param>
            <param index="2">
              <value>
                <![CDATA[yadav]]>
              </value>
            </param>
            <param index="3">
              <value>
                <![CDATA[HONDA]]>
              </value>
            </param>
            <param index="4">
              <value>
                <![CDATA[ramu@gmail.com]]>
              </value>
            </param>
            <param index="5">
              <value>
                <![CDATA[8.5315622E7]]>
              </value>
            </param>
            <param index="6">
              <value>
                <![CDATA[Sout Street]]>
              </value>
            </param>
            <param index="7">
              <value>
                <![CDATA[Chicago]]>
              </value>
            </param>
            <param index="8">
              <value>
                <![CDATA[Illinois]]>
              </value>
            </param>
            <param index="9">
              <value>
                <![CDATA[60601.0]]>
              </value>
            </param>
          </params>
          <reporter-output>
          </reporter-output>
        </test-method> <!-- addContactsTest -->
        <test-method status="PASS" signature="treardown()[pri:0, instance:com.qa.freecrm.tests.ContactsPageTest@573f2bb1]" name="treardown" is-config="true" duration-ms="654" started-at="2021-05-20T11:44:18Z" finished-at="2021-05-20T11:44:18Z">
          <reporter-output>
          </reporter-output>
        </test-method> <!-- treardown -->
      </class> <!-- com.qa.freecrm.tests.ContactsPageTest -->
      <class name="com.qa.freecrm.tests.HomePageTest">
        <test-method status="PASS" signature="setup()[pri:0, instance:com.qa.freecrm.tests.HomePageTest@5ae9a829]" name="setup" is-config="true" duration-ms="5268" started-at="2021-05-20T11:41:11Z" finished-at="2021-05-20T11:41:16Z">
          <reporter-output>
          </reporter-output>
        </test-method> <!-- setup -->
        <test-method status="PASS" signature="veryClickDealsTest()[pri:0, instance:com.qa.freecrm.tests.HomePageTest@5ae9a829]" name="veryClickDealsTest" duration-ms="1123" started-at="2021-05-20T11:41:16Z" finished-at="2021-05-20T11:41:17Z">
          <reporter-output>
          </reporter-output>
        </test-method> <!-- veryClickDealsTest -->
        <test-method status="PASS" signature="treardown()[pri:0, instance:com.qa.freecrm.tests.HomePageTest@5ae9a829]" name="treardown" is-config="true" duration-ms="688" started-at="2021-05-20T11:41:17Z" finished-at="2021-05-20T11:41:18Z">
          <reporter-output>
          </reporter-output>
        </test-method> <!-- treardown -->
        <test-method status="PASS" signature="setup()[pri:0, instance:com.qa.freecrm.tests.HomePageTest@5ae9a829]" name="setup" is-config="true" duration-ms="4627" started-at="2021-05-20T11:41:18Z" finished-at="2021-05-20T11:41:23Z">
          <reporter-output>
          </reporter-output>
        </test-method> <!-- setup -->
        <test-method status="PASS" signature="veryClickTasksTest()[pri:0, instance:com.qa.freecrm.tests.HomePageTest@5ae9a829]" name="veryClickTasksTest" duration-ms="1054" started-at="2021-05-20T11:41:23Z" finished-at="2021-05-20T11:41:24Z">
          <reporter-output>
          </reporter-output>
        </test-method> <!-- veryClickTasksTest -->
        <test-method status="PASS" signature="treardown()[pri:0, instance:com.qa.freecrm.tests.HomePageTest@5ae9a829]" name="treardown" is-config="true" duration-ms="1132" started-at="2021-05-20T11:41:24Z" finished-at="2021-05-20T11:41:25Z">
          <reporter-output>
          </reporter-output>
        </test-method> <!-- treardown -->
        <test-method status="PASS" signature="setup()[pri:0, instance:com.qa.freecrm.tests.HomePageTest@5ae9a829]" name="setup" is-config="true" duration-ms="3172" started-at="2021-05-20T11:41:25Z" finished-at="2021-05-20T11:41:28Z">
          <reporter-output>
          </reporter-output>
        </test-method> <!-- setup -->
        <test-method status="PASS" signature="veryClickcontactsTest()[pri:0, instance:com.qa.freecrm.tests.HomePageTest@5ae9a829]" name="veryClickcontactsTest" duration-ms="1211" started-at="2021-05-20T11:41:28Z" finished-at="2021-05-20T11:41:29Z">
          <reporter-output>
          </reporter-output>
        </test-method> <!-- veryClickcontactsTest -->
        <test-method status="PASS" signature="treardown()[pri:0, instance:com.qa.freecrm.tests.HomePageTest@5ae9a829]" name="treardown" is-config="true" duration-ms="642" started-at="2021-05-20T11:41:29Z" finished-at="2021-05-20T11:41:30Z">
          <reporter-output>
          </reporter-output>
        </test-method> <!-- treardown -->
        <test-method status="PASS" signature="setup()[pri:0, instance:com.qa.freecrm.tests.HomePageTest@5ae9a829]" name="setup" is-config="true" duration-ms="2959" started-at="2021-05-20T11:41:30Z" finished-at="2021-05-20T11:41:33Z">
          <reporter-output>
          </reporter-output>
        </test-method> <!-- setup -->
        <test-method status="PASS" signature="veryLogTest()[pri:0, instance:com.qa.freecrm.tests.HomePageTest@5ae9a829]" name="veryLogTest" duration-ms="1508" started-at="2021-05-20T11:41:33Z" finished-at="2021-05-20T11:41:34Z">
          <reporter-output>
          </reporter-output>
        </test-method> <!-- veryLogTest -->
        <test-method status="PASS" signature="treardown()[pri:0, instance:com.qa.freecrm.tests.HomePageTest@5ae9a829]" name="treardown" is-config="true" duration-ms="608" started-at="2021-05-20T11:41:34Z" finished-at="2021-05-20T11:41:35Z">
          <reporter-output>
          </reporter-output>
        </test-method> <!-- treardown -->
      </class> <!-- com.qa.freecrm.tests.HomePageTest -->
      <class name="com.qa.freecrm.tests.LogPageTest">
        <test-method status="PASS" signature="setup()[pri:0, instance:com.qa.freecrm.tests.LogPageTest@548b7f67]" name="setup" is-config="true" duration-ms="1774" started-at="2021-05-20T11:41:35Z" finished-at="2021-05-20T11:41:37Z">
          <reporter-output>
          </reporter-output>
        </test-method> <!-- setup -->
        <test-method status="PASS" signature="veryLoginTest()[pri:0, instance:com.qa.freecrm.tests.LogPageTest@548b7f67]" name="veryLoginTest" duration-ms="1317" started-at="2021-05-20T11:41:37Z" finished-at="2021-05-20T11:41:38Z">
          <reporter-output>
          </reporter-output>
        </test-method> <!-- veryLoginTest -->
        <test-method status="PASS" signature="treardown()[pri:0, instance:com.qa.freecrm.tests.LogPageTest@548b7f67]" name="treardown" is-config="true" duration-ms="611" started-at="2021-05-20T11:41:38Z" finished-at="2021-05-20T11:41:39Z">
          <reporter-output>
          </reporter-output>
        </test-method> <!-- treardown -->
        <test-method status="PASS" signature="setup()[pri:0, instance:com.qa.freecrm.tests.LogPageTest@548b7f67]" name="setup" is-config="true" duration-ms="1771" started-at="2021-05-20T11:41:39Z" finished-at="2021-05-20T11:41:41Z">
          <reporter-output>
          </reporter-output>
        </test-method> <!-- setup -->
        <test-method status="PASS" signature="veryPageTileTest()[pri:0, instance:com.qa.freecrm.tests.LogPageTest@548b7f67]" name="veryPageTileTest" duration-ms="45" started-at="2021-05-20T11:41:41Z" finished-at="2021-05-20T11:41:41Z">
          <reporter-output>
          </reporter-output>
        </test-method> <!-- veryPageTileTest -->
        <test-method status="PASS" signature="treardown()[pri:0, instance:com.qa.freecrm.tests.LogPageTest@548b7f67]" name="treardown" is-config="true" duration-ms="654" started-at="2021-05-20T11:41:41Z" finished-at="2021-05-20T11:41:41Z">
          <reporter-output>
          </reporter-output>
        </test-method> <!-- treardown -->
      </class> <!-- com.qa.freecrm.tests.LogPageTest -->
    </test> <!-- Surefire test -->
  </suite> <!-- Surefire suite -->
</testng-results>
